{
  "RSpec": {
    "coverage": {
      "/home/rogerio/projetos/store-api/config/environment.rb": {
        "lines": [
          null,
          1,
          null,
          null,
          1
        ]
      },
      "/home/rogerio/projetos/store-api/config/application.rb": {
        "lines": [
          1,
          null,
          1,
          null,
          1,
          1,
          1,
          1,
          1,
          1,
          1,
          1,
          1,
          1,
          null,
          1,
          null,
          null,
          null,
          1,
          null,
          1,
          1,
          null,
          1,
          null,
          1,
          3,
          null,
          null,
          null,
          null,
          null,
          null,
          null,
          null,
          null,
          null,
          1,
          null,
          null
        ]
      },
      "/home/rogerio/projetos/store-api/config/boot.rb": {
        "lines": [
          1,
          null,
          1,
          1
        ]
      },
      "/home/rogerio/projetos/store-api/app/command/stock_item_decrease_quantity.rb": {
        "lines": [
          1,
          1,
          11,
          11,
          10,
          8,
          6,
          6,
          6,
          null,
          null,
          null
        ]
      },
      "/home/rogerio/projetos/store-api/app/command/stock_item_increase_quantity.rb": {
        "lines": [
          1,
          1,
          11,
          11,
          10,
          8,
          8,
          8,
          null,
          null,
          null
        ]
      },
      "/home/rogerio/projetos/store-api/app/custom_errors/validation_exception.rb": {
        "lines": [
          1
        ]
      },
      "/home/rogerio/projetos/store-api/config/environments/test.rb": {
        "lines": [
          null,
          null,
          null,
          null,
          null,
          1,
          null,
          null,
          1,
          1,
          null,
          null,
          null,
          null,
          1,
          null,
          null,
          1,
          1,
          null,
          null,
          null,
          null,
          1,
          1,
          1,
          null,
          null,
          1,
          null,
          null,
          1,
          null,
          null,
          1,
          null,
          1,
          null,
          null,
          null,
          null,
          1,
          null,
          null,
          1,
          null,
          null,
          null,
          null
        ]
      },
      "/home/rogerio/projetos/store-api/config/initializers/application_controller_renderer.rb": {
        "lines": [
          null,
          null,
          null,
          null,
          null,
          null,
          null,
          null
        ]
      },
      "/home/rogerio/projetos/store-api/config/initializers/backtrace_silencers.rb": {
        "lines": [
          null,
          null,
          null,
          null,
          null,
          null,
          null
        ]
      },
      "/home/rogerio/projetos/store-api/config/initializers/cors.rb": {
        "lines": [
          null,
          null,
          null,
          null,
          null,
          null,
          null,
          null,
          null,
          null,
          null,
          null,
          null,
          null,
          null,
          null
        ]
      },
      "/home/rogerio/projetos/store-api/config/initializers/filter_parameter_logging.rb": {
        "lines": [
          null,
          null,
          null,
          1
        ]
      },
      "/home/rogerio/projetos/store-api/config/initializers/inflections.rb": {
        "lines": [
          null,
          null,
          null,
          null,
          null,
          null,
          null,
          null,
          null,
          null,
          null,
          null,
          null,
          null,
          null,
          null
        ]
      },
      "/home/rogerio/projetos/store-api/config/initializers/mime_types.rb": {
        "lines": [
          null,
          null,
          null,
          null
        ]
      },
      "/home/rogerio/projetos/store-api/config/initializers/rswag-ui.rb": {
        "lines": [
          1,
          null,
          null,
          null,
          null,
          null,
          null,
          null,
          1,
          null,
          null,
          null,
          null,
          null
        ]
      },
      "/home/rogerio/projetos/store-api/config/initializers/rswag_api.rb": {
        "lines": [
          1,
          null,
          null,
          null,
          null,
          null,
          1,
          null,
          null,
          null,
          null,
          null,
          null,
          null
        ]
      },
      "/home/rogerio/projetos/store-api/config/initializers/wrap_parameters.rb": {
        "lines": [
          null,
          null,
          null,
          null,
          null,
          null,
          1,
          2,
          null,
          null,
          null,
          null,
          null,
          null
        ]
      },
      "/home/rogerio/projetos/store-api/config/routes.rb": {
        "lines": [
          1,
          1,
          1,
          null,
          null,
          1,
          1,
          1,
          1,
          1,
          1,
          null,
          null,
          null
        ]
      },
      "/home/rogerio/projetos/store-api/app/models/stock_item.rb": {
        "lines": [
          1,
          1,
          1,
          null,
          1,
          1,
          null
        ]
      },
      "/home/rogerio/projetos/store-api/app/models/application_record.rb": {
        "lines": [
          1,
          1,
          null
        ]
      },
      "/home/rogerio/projetos/store-api/app/models/product.rb": {
        "lines": [
          1,
          1,
          1,
          1,
          null
        ]
      },
      "/home/rogerio/projetos/store-api/app/models/store.rb": {
        "lines": [
          1,
          1,
          1,
          1,
          null
        ]
      },
      "/home/rogerio/projetos/store-api/app/controllers/application_controller.rb": {
        "lines": [
          1,
          1,
          1,
          null,
          1,
          8,
          null,
          null,
          1,
          2,
          null,
          null
        ]
      },
      "/home/rogerio/projetos/store-api/app/controllers/v1/products_controller.rb": {
        "lines": [
          1,
          1,
          1,
          2,
          2,
          1,
          null,
          1,
          null,
          null,
          null,
          1,
          1,
          null,
          null,
          1,
          1,
          1,
          null,
          null,
          1,
          1,
          1,
          null,
          null,
          1,
          null,
          1,
          3,
          null,
          null,
          null,
          null,
          null,
          1,
          6,
          null,
          null
        ]
      },
      "/home/rogerio/projetos/store-api/app/controllers/v1/stock_items_controller.rb": {
        "lines": [
          1,
          1,
          null,
          1,
          3,
          3,
          1,
          null,
          2,
          null,
          null,
          null,
          1,
          3,
          1,
          null,
          null,
          1,
          3,
          1,
          null,
          null,
          1,
          null,
          1,
          21,
          null,
          null,
          null,
          null,
          1,
          6,
          null,
          null,
          null,
          null,
          1,
          6,
          null,
          null,
          1,
          6,
          null,
          null,
          1,
          6,
          null,
          null
        ]
      },
      "/home/rogerio/projetos/store-api/app/controllers/v1/stores_controller.rb": {
        "lines": [
          1,
          1,
          1,
          2,
          2,
          1,
          null,
          1,
          null,
          null,
          null,
          1,
          1,
          null,
          null,
          1,
          1,
          1,
          null,
          null,
          1,
          1,
          1,
          null,
          null,
          1,
          null,
          1,
          3,
          null,
          null,
          null,
          null,
          1,
          6,
          null,
          null,
          null
        ]
      }
    },
    "timestamp": 1590266101
  }
}
